Using pre-set license
Built from '2020.3/staging' branch; Version is '2020.3.0f1 (c7b5465681fb) revision 13088070'; Using compiler version '192528614'; Build Type 'Release'
OS: 'Windows 10 Home; OS build 19041.928; Version 2004; 64bit' Language: 'fr' Physical Memory: 8085 MB
BatchMode: 1, IsHumanControllingUs: 0, StartBugReporterOnCrash: 0, Is64bit: 1, IsPro: 0

 COMMAND LINE ARGUMENTS:
D:\unity\2020.3.0f1\Editor\Unity.exe
-adb2
-batchMode
-noUpm
-name
AssetImportWorker2
-projectPath
D:/LudusMaster/ProjetSwitch/ProjetSwitch
-logFile
Logs/AssetImportWorker2.log
-srvPort
50394
Successfully changed project path to: D:/LudusMaster/ProjetSwitch/ProjetSwitch
D:/LudusMaster/ProjetSwitch/ProjetSwitch
Using Asset Import Pipeline V2.
Refreshing native plugins compatible for Editor in 38.39 ms, found 1 plugins.
Preloading 0 native plugins for Editor in 0.00 ms.
Initialize engine version: 2020.3.0f1 (c7b5465681fb)
[Subsystems] Discovering subsystems at path D:/unity/2020.3.0f1/Editor/Data/Resources/UnitySubsystems
[Subsystems] Discovering subsystems at path D:/LudusMaster/ProjetSwitch/ProjetSwitch/Assets
GfxDevice: creating device client; threaded=0
Direct3D:
    Version:  Direct3D 11.0 [level 11.0]
    Renderer: NVIDIA GeForce GTX 960M (ID=0x139b)
    Vendor:   
    VRAM:     4055 MB
    Driver:   27.21.14.6192
Initialize mono
Mono path[0] = 'D:/unity/2020.3.0f1/Editor/Data/Managed'
Mono path[1] = 'D:/unity/2020.3.0f1/Editor/Data/MonoBleedingEdge/lib/mono/unityjit'
Mono config path = 'D:/unity/2020.3.0f1/Editor/Data/MonoBleedingEdge/etc'
Using monoOptions --debugger-agent=transport=dt_socket,embedding=1,server=y,suspend=n,address=127.0.0.1:56868
Begin MonoManager ReloadAssembly
Registering precompiled unity dll's ...
Register platform support module: D:/unity/2020.3.0f1/Editor/Data/PlaybackEngines/WindowsStandaloneSupport/UnityEditor.WindowsStandalone.Extensions.dll
Registered in 0.001770 seconds.
Native extension for WindowsStandalone target not found
Refreshing native plugins compatible for Editor in 35.66 ms, found 1 plugins.
Preloading 0 native plugins for Editor in 0.00 ms.
Invoked RoslynAnalysisRunner static constructor.
RoslynAnalysisRunner will not be running.
RoslynAnalysisRunner has terminated.
Mono: successfully reloaded assembly
- Completed reload, in  3.341 seconds
Platform modules already initialized, skipping
Registering precompiled user dll's ...
Registered in 0.002957 seconds.
Begin MonoManager ReloadAssembly
Native extension for WindowsStandalone target not found
Refreshing native plugins compatible for Editor in 33.82 ms, found 1 plugins.
Preloading 0 native plugins for Editor in 0.00 ms.
Invoked RoslynAnalysisRunner static constructor.
RoslynAnalysisRunner will not be running.
RoslynAnalysisRunner has terminated.
Mono: successfully reloaded assembly
- Completed reload, in  2.041 seconds
Platform modules already initialized, skipping
========================================================================
Worker process is ready to serve import requests
Launched and connected shader compiler UnityShaderCompiler.exe after 0.11 seconds
Refreshing native plugins compatible for Editor in 0.39 ms, found 1 plugins.
Preloading 0 native plugins for Editor in 0.00 ms.
Unloading 1612 Unused Serialized files (Serialized files now loaded: 0)
System memory in use before: 79.6 MB.
System memory in use after: 79.7 MB.

Unloading 14 unused Assets to reduce memory usage. Loaded Objects now: 2054.
Total: 2.879900 ms (FindLiveObjects: 0.506300 ms CreateObjectMapping: 0.084000 ms MarkObjects: 2.176600 ms  DeleteObjects: 0.112000 ms)

========================================================================
Received Import Request.
  path: Assets/Scenes/Menu.unity
  artifactKey: Guid(0de77ea05a674d14bba5e1c314fd3bf1) Importer(815301076,1909f56bfc062723c751e8b465ee728b)
Start importing Assets/Scenes/Menu.unity using Guid(0de77ea05a674d14bba5e1c314fd3bf1) Importer(815301076,1909f56bfc062723c751e8b465ee728b)  -> (artifact id: 'ffdfcd9b40d02e96c27173de4dead12b') in 0.122528 seconds
  Import took 0.126433 seconds .

========================================================================
Received Import Request.
  Time since last request: 80.772026 seconds.
  path: Assets/ScriptMenu.cs
  artifactKey: Guid(e028a81732715c54b827d63bffa36c98) Importer(815301076,1909f56bfc062723c751e8b465ee728b)
Start importing Assets/ScriptMenu.cs using Guid(e028a81732715c54b827d63bffa36c98) Importer(815301076,1909f56bfc062723c751e8b465ee728b)  -> (artifact id: '220465adeef910d50cd53902918c1087') in 0.055272 seconds
  Import took 0.059031 seconds .

========================================================================
Received Prepare
Registering precompiled user dll's ...
Registered in 0.002885 seconds.
Begin MonoManager ReloadAssembly
Native extension for WindowsStandalone target not found
Refreshing native plugins compatible for Editor in 0.46 ms, found 1 plugins.
Preloading 0 native plugins for Editor in 0.00 ms.
Invoked RoslynAnalysisRunner static constructor.
RoslynAnalysisRunner will not be running.
RoslynAnalysisRunner has terminated.
Mono: successfully reloaded assembly
- Completed reload, in  1.242 seconds
Platform modules already initialized, skipping
Refreshing native plugins compatible for Editor in 0.38 ms, found 1 plugins.
Preloading 0 native plugins for Editor in 0.00 ms.
Unloading 1606 Unused Serialized files (Serialized files now loaded: 0)
System memory in use before: 79.5 MB.
System memory in use after: 79.6 MB.

Unloading 9 unused Assets to reduce memory usage. Loaded Objects now: 2058.
Total: 3.343800 ms (FindLiveObjects: 0.240200 ms CreateObjectMapping: 0.131500 ms MarkObjects: 2.882200 ms  DeleteObjects: 0.089000 ms)

========================================================================
Received Prepare
Registering precompiled user dll's ...
Registered in 0.002732 seconds.
Begin MonoManager ReloadAssembly
Native extension for WindowsStandalone target not found
Refreshing native plugins compatible for Editor in 0.38 ms, found 1 plugins.
Preloading 0 native plugins for Editor in 0.00 ms.
Invoked RoslynAnalysisRunner static constructor.
RoslynAnalysisRunner will not be running.
RoslynAnalysisRunner has terminated.
Mono: successfully reloaded assembly
- Completed reload, in  1.280 seconds
Platform modules already initialized, skipping
Refreshing native plugins compatible for Editor in 0.47 ms, found 1 plugins.
Preloading 0 native plugins for Editor in 0.00 ms.
Unloading 1605 Unused Serialized files (Serialized files now loaded: 0)
System memory in use before: 79.5 MB.
System memory in use after: 79.6 MB.

Unloading 10 unused Assets to reduce memory usage. Loaded Objects now: 2060.
Total: 3.273600 ms (FindLiveObjects: 0.334800 ms CreateObjectMapping: 0.155500 ms MarkObjects: 2.699100 ms  DeleteObjects: 0.082400 ms)

========================================================================
Received Import Request.
  Time since last request: 63.880957 seconds.
  path: Assets/ScriptBouton.cs
  artifactKey: Guid(e47669588901c674691cc8d085c8c11f) Importer(815301076,1909f56bfc062723c751e8b465ee728b)
Start importing Assets/ScriptBouton.cs using Guid(e47669588901c674691cc8d085c8c11f) Importer(815301076,1909f56bfc062723c751e8b465ee728b)  -> (artifact id: '744ff0116550ce379a2c788099acc8f6') in 0.019881 seconds
  Import took 0.022947 seconds .

========================================================================
Received Import Request.
  Time since last request: 26.139904 seconds.
  path: Assets/Scenes
  artifactKey: Guid(9bfc3663dc9e85942aa707e051f7056a) Importer(815301076,1909f56bfc062723c751e8b465ee728b)
Start importing Assets/Scenes using Guid(9bfc3663dc9e85942aa707e051f7056a) Importer(815301076,1909f56bfc062723c751e8b465ee728b)  -> (artifact id: '47edfcd4f34345066cf376256e68b01b') in 0.018514 seconds
  Import took 0.021539 seconds .

========================================================================
Received Import Request.
  Time since last request: 1.084741 seconds.
  path: Assets/Scenes/SampleScene.unity
  artifactKey: Guid(9fc0d4010bbf28b4594072e72b8655ab) Importer(815301076,1909f56bfc062723c751e8b465ee728b)
Start importing Assets/Scenes/SampleScene.unity using Guid(9fc0d4010bbf28b4594072e72b8655ab) Importer(815301076,1909f56bfc062723c751e8b465ee728b)  -> (artifact id: '6a3d45a4c8516b18290f2985cb83ae9c') in 0.023643 seconds
  Import took 0.026850 seconds .

========================================================================
Received Import Request.
  Time since last request: 5.234910 seconds.
  path: Assets/Scenes/Jeu.unity
  artifactKey: Guid(9fc0d4010bbf28b4594072e72b8655ab) Importer(815301076,1909f56bfc062723c751e8b465ee728b)
Start importing Assets/Scenes/Jeu.unity using Guid(9fc0d4010bbf28b4594072e72b8655ab) Importer(815301076,1909f56bfc062723c751e8b465ee728b)  -> (artifact id: '832e4ca86cd7aa98f6ff3d61d497e0d2') in 0.014575 seconds
  Import took 0.017502 seconds .

========================================================================
Received Prepare
Registering precompiled user dll's ...
Registered in 0.003044 seconds.
Begin MonoManager ReloadAssembly
Native extension for WindowsStandalone target not found
Refreshing native plugins compatible for Editor in 0.38 ms, found 1 plugins.
Preloading 0 native plugins for Editor in 0.00 ms.
Invoked RoslynAnalysisRunner static constructor.
RoslynAnalysisRunner will not be running.
RoslynAnalysisRunner has terminated.
Mono: successfully reloaded assembly
- Completed reload, in  1.244 seconds
Platform modules already initialized, skipping
Refreshing native plugins compatible for Editor in 0.44 ms, found 1 plugins.
Preloading 0 native plugins for Editor in 0.00 ms.
Unloading 1605 Unused Serialized files (Serialized files now loaded: 0)
System memory in use before: 79.5 MB.
System memory in use after: 79.6 MB.

Unloading 9 unused Assets to reduce memory usage. Loaded Objects now: 2063.
Total: 3.098700 ms (FindLiveObjects: 0.250100 ms CreateObjectMapping: 0.144300 ms MarkObjects: 2.618800 ms  DeleteObjects: 0.084500 ms)

========================================================================
Received Import Request.
  Time since last request: 95.697088 seconds.
  path: Assets/Scenes/Menu.unity
  artifactKey: Guid(0de77ea05a674d14bba5e1c314fd3bf1) Importer(815301076,1909f56bfc062723c751e8b465ee728b)
Start importing Assets/Scenes/Menu.unity using Guid(0de77ea05a674d14bba5e1c314fd3bf1) Importer(815301076,1909f56bfc062723c751e8b465ee728b)  -> (artifact id: '8cbd16d8b3678685d188f302b29240ff') in 0.018298 seconds
  Import took 0.022655 seconds .

========================================================================
Received Prepare
Registering precompiled user dll's ...
Registered in 0.003075 seconds.
Begin MonoManager ReloadAssembly
Native extension for WindowsStandalone target not found
Refreshing native plugins compatible for Editor in 0.39 ms, found 1 plugins.
Preloading 0 native plugins for Editor in 0.00 ms.
Invoked RoslynAnalysisRunner static constructor.
RoslynAnalysisRunner will not be running.
RoslynAnalysisRunner has terminated.
Mono: successfully reloaded assembly
- Completed reload, in  2.856 seconds
Platform modules already initialized, skipping
Refreshing native plugins compatible for Editor in 0.41 ms, found 1 plugins.
Preloading 0 native plugins for Editor in 0.00 ms.
Unloading 1605 Unused Serialized files (Serialized files now loaded: 0)
System memory in use before: 79.5 MB.
System memory in use after: 79.6 MB.

Unloading 9 unused Assets to reduce memory usage. Loaded Objects now: 2066.
Total: 3.035300 ms (FindLiveObjects: 0.328700 ms CreateObjectMapping: 0.131400 ms MarkObjects: 2.502600 ms  DeleteObjects: 0.071200 ms)

========================================================================
Received Prepare
Registering precompiled user dll's ...
Registered in 0.002711 seconds.
Begin MonoManager ReloadAssembly
Native extension for WindowsStandalone target not found
Refreshing native plugins compatible for Editor in 0.44 ms, found 1 plugins.
Preloading 0 native plugins for Editor in 0.00 ms.
Invoked RoslynAnalysisRunner static constructor.
RoslynAnalysisRunner will not be running.
RoslynAnalysisRunner has terminated.
Mono: successfully reloaded assembly
- Completed reload, in  1.188 seconds
Platform modules already initialized, skipping
Refreshing native plugins compatible for Editor in 0.39 ms, found 1 plugins.
Preloading 0 native plugins for Editor in 0.00 ms.
Unloading 1605 Unused Serialized files (Serialized files now loaded: 0)
System memory in use before: 79.6 MB.
System memory in use after: 79.6 MB.

Unloading 9 unused Assets to reduce memory usage. Loaded Objects now: 2069.
Total: 3.090600 ms (FindLiveObjects: 0.222500 ms CreateObjectMapping: 0.099900 ms MarkObjects: 2.697300 ms  DeleteObjects: 0.069800 ms)

AssetImportWorkerClient::OnTransportError - code=2 error=End of file
